#
# An unexpected error has been detected by Java Runtime Environment:
#
#  EXCEPTION_ACCESS_VIOLATION (0xc0000005) at pc=0x100a7f17, pid=4944, tid=5012
#
# Java VM: Java HotSpot(TM) Client VM (10.0-b23 mixed mode, sharing windows-x86)
# Problematic frame:
# C  [GOOGLEPINYIN2.IME+0xa7f17]
#
# If you would like to submit a bug report, please visit:
#   http://java.sun.com/webapps/bugreport/crash.jsp
# The crash happened outside the Java Virtual Machine in native code.
# See problematic frame for where to report the bug.
#

---------------  T H R E A D  ---------------

Current thread (0x02b51800):  JavaThread "AWT-Windows" daemon [_thread_in_native, id=5012, stack(0x02f30000,0x02f80000)]

siginfo: ExceptionCode=0xc0000005, reading address 0x00000004

Registers:
EAX=0x032b1840, EBX=0x0e2cd2e8, ECX=0x00000000, EDX=0x00000002
ESP=0x02f7f760, EBP=0x02f7f798, ESI=0x032b1840, EDI=0x00000002
EIP=0x100a7f17, EFLAGS=0x00010246

Top of Stack: (sp=0x02f7f760)
0x02f7f760:   00000001 100a56ba 000107c8 032b1840
0x02f7f770:   00000111 00000002 000107c8 100a5c72
0x02f7f780:   032b1840 02f7f798 02f7f800 100a5c20
0x02f7f790:   02f7f7c4 00000000 00000000 77d18734
0x02f7f7a0:   000107c8 00000111 00000002 000107c8
0x02f7f7b0:   100a5c20 dcbaabcd 00000000 02f7f800
0x02f7f7c0:   100a5c20 02f7f82c 77d18816 100a5c20
0x02f7f7d0:   000107c8 00000111 00000002 000107c8 

Instructions: (pc=0x100a7f17)
0x100a7f07:   cc cc cc cc cc cc cc cc cc 53 8b 58 04 8b 4b 50
0x100a7f17:   8b 49 04 56 57 52 e8 5e 96 ff ff 85 c0 74 29 8b 


Stack: [0x02f30000,0x02f80000],  sp=0x02f7f760,  free space=317k
Native frames: (J=compiled Java code, j=interpreted, Vv=VM code, C=native code)
C  [GOOGLEPINYIN2.IME+0xa7f17]

Java frames: (J=compiled Java code, j=interpreted, Vv=VM code)
v  ~BufferBlob::Interpreter
v  ~BufferBlob::Interpreter
v  ~BufferBlob::Interpreter
v  ~BufferBlob::StubRoutines (1)

---------------  P R O C E S S  ---------------

Java Threads: ( => current thread )
  0x02b14800 JavaThread "Thread-1" daemon [_thread_in_native, id=5804, stack(0x0fe90000,0x0fee0000)]
  0x0349c400 JavaThread "TimerQueue" daemon [_thread_blocked, id=5048, stack(0x0f8f0000,0x0f940000)]
  0x00305400 JavaThread "DestroyJavaVM" [_thread_blocked, id=4940, stack(0x008e0000,0x00930000)]
  0x033f8800 JavaThread "AWT-EventQueue-0" [_thread_blocked, id=5028, stack(0x035f0000,0x03640000)]
=>0x02b51800 JavaThread "AWT-Windows" daemon [_thread_in_native, id=5012, stack(0x02f30000,0x02f80000)]
  0x02b50c00 JavaThread "AWT-Shutdown" [_thread_blocked, id=5008, stack(0x02ee0000,0x02f30000)]
  0x02b4f400 JavaThread "Java2D Disposer" daemon [_thread_blocked, id=5004, stack(0x02e90000,0x02ee0000)]
  0x02b0a400 JavaThread "Low Memory Detector" daemon [_thread_blocked, id=4992, stack(0x02d80000,0x02dd0000)]
  0x02b04400 JavaThread "CompilerThread0" daemon [_thread_blocked, id=4972, stack(0x02d30000,0x02d80000)]
  0x02b03400 JavaThread "Attach Listener" daemon [_thread_blocked, id=4988, stack(0x02ce0000,0x02d30000)]
  0x02b02800 JavaThread "Signal Dispatcher" daemon [_thread_blocked, id=4984, stack(0x02c90000,0x02ce0000)]
  0x02abdc00 JavaThread "Finalizer" daemon [_thread_blocked, id=4980, stack(0x02c40000,0x02c90000)]
  0x02abd000 JavaThread "Reference Handler" daemon [_thread_blocked, id=4976, stack(0x02bf0000,0x02c40000)]

Other Threads:
  0x02abbc00 VMThread [stack: 0x02ba0000,0x02bf0000] [id=4968]
  0x02b16400 WatcherThread [stack: 0x02dd0000,0x02e20000] [id=4996]

VM state:not at safepoint (normal execution)

VM Mutex/Monitor currently owned by a thread: None

Heap
 def new generation   total 960K, used 682K [0x229e0000, 0x22ae0000, 0x22ec0000)
  eden space 896K,  69% used [0x229e0000, 0x22a7af20, 0x22ac0000)
  from space 64K,  97% used [0x22ad0000, 0x22adf948, 0x22ae0000)
  to   space 64K,   0% used [0x22ac0000, 0x22ac0000, 0x22ad0000)
 tenured generation   total 4096K, used 733K [0x22ec0000, 0x232c0000, 0x269e0000)
   the space 4096K,  17% used [0x22ec0000, 0x22f774d8, 0x22f77600, 0x232c0000)
 compacting perm gen  total 12288K, used 1064K [0x269e0000, 0x275e0000, 0x2a9e0000)
   the space 12288K,   8% used [0x269e0000, 0x26aea2f0, 0x26aea400, 0x275e0000)
    ro space 8192K,  66% used [0x2a9e0000, 0x2af30f10, 0x2af31000, 0x2b1e0000)
    rw space 12288K,  52% used [0x2b1e0000, 0x2b8306d0, 0x2b830800, 0x2bde0000)

Dynamic libraries:
0x00400000 - 0x00423000 	C:\Program Files\Java\jdk1.6.0_07\bin\java.exe
0x7c920000 - 0x7c9b3000 	C:\WINDOWS\system32\ntdll.dll
0x7c800000 - 0x7c91e000 	C:\WINDOWS\system32\kernel32.dll
0x77da0000 - 0x77e49000 	C:\WINDOWS\system32\ADVAPI32.dll
0x77e50000 - 0x77ee3000 	C:\WINDOWS\system32\RPCRT4.dll
0x77fc0000 - 0x77fd1000 	C:\WINDOWS\system32\Secur32.dll
0x7c340000 - 0x7c396000 	C:\Program Files\Java\jdk1.6.0_07\jre\bin\msvcr71.dll
0x6d870000 - 0x6dac0000 	C:\Program Files\Java\jdk1.6.0_07\jre\bin\client\jvm.dll
0x77d10000 - 0x77da0000 	C:\WINDOWS\system32\USER32.dll
0x77ef0000 - 0x77f39000 	C:\WINDOWS\system32\GDI32.dll
0x76b10000 - 0x76b3a000 	C:\WINDOWS\system32\WINMM.dll
0x76300000 - 0x7631d000 	C:\WINDOWS\system32\IMM32.DLL
0x62c20000 - 0x62c29000 	C:\WINDOWS\system32\LPK.DLL
0x73fa0000 - 0x7400b000 	C:\WINDOWS\system32\USP10.dll
0x6d320000 - 0x6d328000 	C:\Program Files\Java\jdk1.6.0_07\jre\bin\hpi.dll
0x76bc0000 - 0x76bcb000 	C:\WINDOWS\system32\PSAPI.DLL
0x6d820000 - 0x6d82c000 	C:\Program Files\Java\jdk1.6.0_07\jre\bin\verify.dll
0x6d3c0000 - 0x6d3df000 	C:\Program Files\Java\jdk1.6.0_07\jre\bin\java.dll
0x6d860000 - 0x6d86f000 	C:\Program Files\Java\jdk1.6.0_07\jre\bin\zip.dll
0x6d0b0000 - 0x6d1de000 	C:\Program Files\Java\jdk1.6.0_07\jre\bin\awt.dll
0x72f70000 - 0x72f96000 	C:\WINDOWS\system32\WINSPOOL.DRV
0x77be0000 - 0x77c38000 	C:\WINDOWS\system32\msvcrt.dll
0x76990000 - 0x76ace000 	C:\WINDOWS\system32\ole32.dll
0x5adc0000 - 0x5adf7000 	C:\WINDOWS\system32\uxtheme.dll
0x736d0000 - 0x7371b000 	C:\WINDOWS\system32\ddraw.dll
0x73b30000 - 0x73b36000 	C:\WINDOWS\system32\DCIMAN32.dll
0x6d2c0000 - 0x6d313000 	C:\Program Files\Java\jdk1.6.0_07\jre\bin\fontmanager.dll
0x70200000 - 0x703c5000 	C:\Program Files\360\360safe\safemon\safemon.dll
0x7d590000 - 0x7dd84000 	C:\WINDOWS\system32\SHELL32.dll
0x77f40000 - 0x77fb6000 	C:\WINDOWS\system32\SHLWAPI.dll
0x770f0000 - 0x7717b000 	C:\WINDOWS\system32\OLEAUT32.dll
0x77180000 - 0x77283000 	C:\WINDOWS\WinSxS\x86_Microsoft.Windows.Common-Controls_6595b64144ccf1df_6.0.2600.6028_x-ww_61e65202\COMCTL32.dll
0x77bd0000 - 0x77bd8000 	C:\WINDOWS\system32\VERSION.dll
0x71a20000 - 0x71a37000 	C:\WINDOWS\system32\WS2_32.dll
0x71a10000 - 0x71a18000 	C:\WINDOWS\system32\WS2HELP.dll
0x5fdd0000 - 0x5fe25000 	C:\WINDOWS\system32\NETAPI32.dll
0x5d170000 - 0x5d20a000 	C:\WINDOWS\system32\comctl32.dll
0x74680000 - 0x746cc000 	C:\WINDOWS\system32\MSCTF.dll
0x73640000 - 0x7366e000 	C:\WINDOWS\system32\msctfime.ime
0x10000000 - 0x10352000 	C:\WINDOWS\system32\GOOGLEPINYIN2.IME
0x765e0000 - 0x76675000 	C:\WINDOWS\system32\CRYPT32.dll
0x76db0000 - 0x76dc2000 	C:\WINDOWS\system32\MSASN1.dll
0x76c00000 - 0x76c2e000 	C:\WINDOWS\system32\WINTRUST.dll
0x76c60000 - 0x76c89000 	C:\WINDOWS\system32\IMAGEHLP.dll
0x762f0000 - 0x762f5000 	C:\WINDOWS\system32\MSIMG32.dll
0x4ae90000 - 0x4b03b000 	C:\WINDOWS\WinSxS\x86_Microsoft.Windows.GdiPlus_6595b64144ccf1df_1.0.6002.23084_x-ww_f3f35550\gdiplus.dll
0x68d60000 - 0x68e01000 	C:\WINDOWS\system32\dbghelp.dll
0x759d0000 - 0x75a7f000 	C:\WINDOWS\system32\USERENV.dll
0x76680000 - 0x76726000 	C:\WINDOWS\system32\WININET.dll
0x6d620000 - 0x6d633000 	C:\Program Files\Java\jdk1.6.0_07\jre\bin\net.dll
0x6d640000 - 0x6d649000 	C:\Program Files\Java\jdk1.6.0_07\jre\bin\nio.dll
0x76fa0000 - 0x7701f000 	C:\WINDOWS\system32\CLBCATQ.DLL
0x77020000 - 0x770ba000 	C:\WINDOWS\system32\COMRes.dll
0x5dd50000 - 0x5de73000 	C:\WINDOWS\system32\msxml3.dll
0x6d230000 - 0x6d253000 	C:\Program Files\Java\jdk1.6.0_07\jre\bin\dcpr.dll

VM Arguments:
java_command: TestMediator
Launcher Type: SUN_STANDARD

Environment Variables:
PATH=C:\Program Files\Intel\iCLS Client\;C:\WINDOWS\system32;C:\WINDOWS;C:\WINDOWS\System32\Wbem;C:\Program Files\Intel\Intel(R) Management Engine Components\DAL;C:\Program Files\Intel\Intel(R) Management Engine Components\IPT
USERNAME=Administrator
OS=Windows_NT
PROCESSOR_IDENTIFIER=x86 Family 6 Model 42 Stepping 7, GenuineIntel



---------------  S Y S T E M  ---------------

OS: Windows XP Build 2600 Service Pack 3

CPU:total 4 (8 cores per cpu, 2 threads per core) family 6 model 10 stepping 7, cmov, cx8, fxsr, mmx, sse, sse2, sse3, ssse3, ht

Memory: 4k page, physical 1999800k(1222016k free), swap 3938796k(2812104k free)

vm_info: Java HotSpot(TM) Client VM (10.0-b23) for windows-x86 JRE (1.6.0_07-b06), built on Jun 10 2008 01:14:11 by "java_re" with MS VC++ 7.1

time: Thu Nov 13 15:13:19 2014
elapsed time: 44 seconds

